<?xml version="1.0" encoding="UTF-8"?>
<!-- Generated by org.testng.reporters.JUnitReportReporter -->
<testsuite hostname="HP" failures="0" tests="1" name="tests.Register_PositiveScenairo" time="52.582" errors="0" timestamp="2025-05-05T00:17:25 EEST" skipped="0">
  <testcase classname="tests.Register_PositiveScenairo" name="testRegister_NewEmailMandatoryAndOptional" time="52.582"/>
</testsuite> <!-- tests.Register_PositiveScenairo -->
